<?xml version="1.0" encoding="UTF-8"?>
<testng-results skipped="0" failed="0" ignored="0" total="1" passed="1">
  <reporter-output>
  </reporter-output>
  <suite name="Default suite" duration-ms="14832" started-at="2021-03-10T16:43:38 COT" finished-at="2021-03-10T16:43:53 COT">
    <groups>
    </groups>
    <test name="Default test" duration-ms="14832" started-at="2021-03-10T16:43:38 COT" finished-at="2021-03-10T16:43:53 COT">
      <class name="mymaven.PositiveTesting">
        <test-method status="PASS" signature="Test1()[pri:0, instance:mymaven.PositiveTesting@d44fc21]" name="Test1" duration-ms="14728" started-at="2021-03-10T16:43:38 COT" finished-at="2021-03-10T16:43:53 COT">
          <reporter-output>
          </reporter-output>
        </test-method> <!-- Test1 -->
      </class> <!-- mymaven.PositiveTesting -->
    </test> <!-- Default test -->
  </suite> <!-- Default suite -->
</testng-results>
